c:\users\austenr\documents\visual studio 2017\projects\projecteuler\projecteuler\debug\vc141.pdb
c:\users\austenr\documents\visual studio 2017\projects\projecteuler\projecteuler\debug\vc141.idb
c:\users\austenr\documents\visual studio 2017\projects\projecteuler\projecteuler\debug\source.obj
c:\users\austenr\documents\visual studio 2017\projects\projecteuler\projecteuler\debug\problem1.obj
c:\users\austenr\documents\visual studio 2017\projects\projecteuler\projecteuler\debug\problem2.obj
c:\users\austenr\documents\visual studio 2017\projects\projecteuler\projecteuler\debug\problem3.obj
c:\users\austenr\documents\visual studio 2017\projects\projecteuler\projecteuler\debug\problem4.obj
c:\users\austenr\documents\visual studio 2017\projects\projecteuler\projecteuler\debug\problem5.obj
c:\users\austenr\documents\visual studio 2017\projects\projecteuler\projecteuler\debug\problem6.obj
c:\users\austenr\documents\visual studio 2017\projects\projecteuler\projecteuler\debug\helpfulmethods.obj
c:\users\austenr\documents\visual studio 2017\projects\projecteuler\projecteuler\debug\problem7.obj
c:\users\austenr\documents\visual studio 2017\projects\projecteuler\debug\projecteuler.pdb
c:\users\austenr\documents\visual studio 2017\projects\projecteuler\projecteuler\debug\projecteuler.tlog\cl.command.1.tlog
c:\users\austenr\documents\visual studio 2017\projects\projecteuler\projecteuler\debug\projecteuler.tlog\cl.read.1.tlog
c:\users\austenr\documents\visual studio 2017\projects\projecteuler\projecteuler\debug\projecteuler.tlog\cl.write.1.tlog
c:\users\austenr\documents\visual studio 2017\projects\projecteuler\projecteuler\debug\projecteuler.tlog\link-cvtres.read.1.tlog
c:\users\austenr\documents\visual studio 2017\projects\projecteuler\projecteuler\debug\projecteuler.tlog\link-cvtres.write.1.tlog
c:\users\austenr\documents\visual studio 2017\projects\projecteuler\projecteuler\debug\projecteuler.tlog\link-rc.read.1.tlog
c:\users\austenr\documents\visual studio 2017\projects\projecteuler\projecteuler\debug\projecteuler.tlog\link-rc.write.1.tlog
c:\users\austenr\documents\visual studio 2017\projects\projecteuler\projecteuler\debug\projecteuler.tlog\link.11176-cvtres.read.1.tlog
c:\users\austenr\documents\visual studio 2017\projects\projecteuler\projecteuler\debug\projecteuler.tlog\link.11176-cvtres.write.1.tlog
c:\users\austenr\documents\visual studio 2017\projects\projecteuler\projecteuler\debug\projecteuler.tlog\link.11176-rc.read.1.tlog
c:\users\austenr\documents\visual studio 2017\projects\projecteuler\projecteuler\debug\projecteuler.tlog\link.11176-rc.write.1.tlog
c:\users\austenr\documents\visual studio 2017\projects\projecteuler\projecteuler\debug\projecteuler.tlog\link.11176.read.1.tlog
c:\users\austenr\documents\visual studio 2017\projects\projecteuler\projecteuler\debug\projecteuler.tlog\link.11176.write.1.tlog
c:\users\austenr\documents\visual studio 2017\projects\projecteuler\projecteuler\debug\projecteuler.tlog\link.command.1.tlog
c:\users\austenr\documents\visual studio 2017\projects\projecteuler\projecteuler\debug\projecteuler.tlog\link.read.1.tlog
c:\users\austenr\documents\visual studio 2017\projects\projecteuler\projecteuler\debug\projecteuler.tlog\link.write.1.tlog
